<?xml version="1.0" encoding="UTF-8"?>
<!-- Generated by org.testng.reporters.JUnitReportReporter -->
<testsuite hostname="cube" failures="0" tests="1" name="org.test.SampleXmlIT" time="0.141" errors="0" timestamp="2025-09-01T10:33:30 EDT" skipped="0">
  <testcase classname="org.test.SampleXmlIT" name="sampleXml" time="0.141"/>
</testsuite> <!-- org.test.SampleXmlIT -->
