<?xml version="1.0" encoding="UTF-8"?>
<!-- Generated by org.testng.reporters.JUnitReportReporter -->
<testsuite hostname="cube" failures="0" tests="3" name="org.test.DBCompareIT" time="0.596" errors="0" timestamp="2025-09-01T10:33:30 EDT" skipped="0">
  <testcase classname="org.test.DBCompareIT" name="sayHello" time="0.004"/>
  <testcase classname="org.test.DBCompareIT" name="testPostgresConnection" time="0.494"/>
  <testcase classname="org.test.DBCompareIT" name="echoToday" time="0.098"/>
</testsuite> <!-- org.test.DBCompareIT -->
