<?xml version="1.0" encoding="UTF-8"?>
<!-- Generated by org.testng.reporters.JUnitReportReporter -->
<testsuite hostname="cube" failures="0" tests="2" name="org.test.SampleJavaIT" time="0.010" errors="0" timestamp="2025-09-01T10:33:30 EDT" skipped="0">
  <testcase classname="org.test.SampleJavaIT" name="echoToday" time="0.005"/>
  <testcase classname="org.test.SampleJavaIT" name="sayHello" time="0.005"/>
</testsuite> <!-- org.test.SampleJavaIT -->
