<?xml version="1.0" encoding="UTF-8"?>
<testsuite name="org.citrusframework.DefaultTestCase" time="0.001" tests="1" errors="0" skipped="0" failures="0">
    <testcase name="SampleXmlIT" classname="org.citrusframework.DefaultTestCase" time="0.001"/>
</testsuite>