<?xml version="1.0" encoding="UTF-8"?>
<testsuite xmlns:xsi="http://www.w3.org/2001/XMLSchema-instance" xsi:noNamespaceSchemaLocation="https://maven.apache.org/surefire/maven-failsafe-plugin/xsd/failsafe-test-report.xsd" version="3.0.2" name="TestSuite" time="4.951" tests="6" errors="0" skipped="0" failures="0">
  <properties>
    <property name="java.specification.version" value="21"/>
    <property name="citrus.endpoints.firstdb.jdbc-template.driver" value="org.postgresql.Driver"/>
    <property name="sun.jnu.encoding" value="UTF-8"/>
    <property name="java.class.path" value="/mnt/c/Users/markl/IdeaProjects/second/compare/target/test-classes:/mnt/c/Users/markl/IdeaProjects/second/compare/target/compare-1.0-SNAPSHOT.jar:/home/mark/.m2/repository/org/citrusframework/citrus-core/4.7.0/citrus-core-4.7.0.jar:/home/mark/.m2/repository/org/citrusframework/citrus-spring/4.7.0/citrus-spring-4.7.0.jar:/home/mark/.m2/repository/xerces/xercesImpl/2.12.2/xercesImpl-2.12.2.jar:/home/mark/.m2/repository/xml-apis/xml-apis/1.4.01/xml-apis-1.4.01.jar:/home/mark/.m2/repository/org/springframework/spring-oxm/6.2.8/spring-oxm-6.2.8.jar:/home/mark/.m2/repository/org/citrusframework/citrus-validation-xml/4.7.0/citrus-validation-xml-4.7.0.jar:/home/mark/.m2/repository/org/glassfish/jaxb/jaxb-runtime/4.0.5/jaxb-runtime-4.0.5.jar:/home/mark/.m2/repository/org/glassfish/jaxb/jaxb-core/4.0.5/jaxb-core-4.0.5.jar:/home/mark/.m2/repository/org/glassfish/jaxb/txw2/4.0.5/txw2-4.0.5.jar:/home/mark/.m2/repository/com/sun/istack/istack-commons-runtime/4.1.2/istack-commons-runtime-4.1.2.jar:/home/mark/.m2/repository/wsdl4j/wsdl4j/1.6.3/wsdl4j-1.6.3.jar:/home/mark/.m2/repository/net/sf/jtidy/jtidy/r938/jtidy-r938.jar:/home/mark/.m2/repository/org/citrusframework/citrus-validation-json/4.7.0/citrus-validation-json-4.7.0.jar:/home/mark/.m2/repository/net/minidev/json-smart/2.5.2/json-smart-2.5.2.jar:/home/mark/.m2/repository/net/minidev/accessors-smart/2.5.2/accessors-smart-2.5.2.jar:/home/mark/.m2/repository/org/ow2/asm/asm/9.7.1/asm-9.7.1.jar:/home/mark/.m2/repository/com/jayway/jsonpath/json-path/2.9.0/json-path-2.9.0.jar:/home/mark/.m2/repository/com/networknt/json-schema-validator/1.5.6/json-schema-validator-1.5.6.jar:/home/mark/.m2/repository/com/ethlo/time/itu/1.10.3/itu-1.10.3.jar:/home/mark/.m2/repository/com/fasterxml/jackson/dataformat/jackson-dataformat-yaml/2.18.1/jackson-dataformat-yaml-2.18.1.jar:/home/mark/.m2/repository/org/yaml/snakeyaml/2.3/snakeyaml-2.3.jar:/home/mark/.m2/repository/org/citrusframework/citrus-validation-text/4.7.0/citrus-validation-text-4.7.0.jar:/home/mark/.m2/repository/org/citrusframework/citrus-validation-binary/4.7.0/citrus-validation-binary-4.7.0.jar:/home/mark/.m2/repository/org/citrusframework/citrus-validation-groovy/4.7.0/citrus-validation-groovy-4.7.0.jar:/home/mark/.m2/repository/org/codehaus/groovy/groovy-jsr223/3.0.24/groovy-jsr223-3.0.24.jar:/home/mark/.m2/repository/org/codehaus/groovy/groovy-json/3.0.24/groovy-json-3.0.24.jar:/home/mark/.m2/repository/org/codehaus/groovy/groovy-xml/3.0.24/groovy-xml-3.0.24.jar:/home/mark/.m2/repository/org/citrusframework/citrus-validation-hamcrest/4.7.0/citrus-validation-hamcrest-4.7.0.jar:/home/mark/.m2/repository/org/hamcrest/hamcrest/3.0/hamcrest-3.0.jar:/home/mark/.m2/repository/org/hamcrest/hamcrest-library/3.0/hamcrest-library-3.0.jar:/home/mark/.m2/repository/org/hamcrest/hamcrest-core/3.0/hamcrest-core-3.0.jar:/home/mark/.m2/repository/org/citrusframework/citrus-junit/4.7.0/citrus-junit-4.7.0.jar:/home/mark/.m2/repository/org/citrusframework/citrus-junit5/4.7.0/citrus-junit5-4.7.0.jar:/home/mark/.m2/repository/org/junit/platform/junit-platform-launcher/1.12.2/junit-platform-launcher-1.12.2.jar:/home/mark/.m2/repository/org/junit/platform/junit-platform-engine/1.12.2/junit-platform-engine-1.12.2.jar:/home/mark/.m2/repository/org/opentest4j/opentest4j/1.3.0/opentest4j-1.3.0.jar:/home/mark/.m2/repository/org/junit/platform/junit-platform-commons/1.12.2/junit-platform-commons-1.12.2.jar:/home/mark/.m2/repository/org/apiguardian/apiguardian-api/1.1.2/apiguardian-api-1.1.2.jar:/home/mark/.m2/repository/org/citrusframework/citrus-main/4.7.0/citrus-main-4.7.0.jar:/home/mark/.m2/repository/org/citrusframework/citrus-cucumber/4.7.0/citrus-cucumber-4.7.0.jar:/home/mark/.m2/repository/io/cucumber/cucumber-java/7.22.1/cucumber-java-7.22.1.jar:/home/mark/.m2/repository/io/cucumber/cucumber-core/7.22.1/cucumber-core-7.22.1.jar:/home/mark/.m2/repository/io/cucumber/cucumber-gherkin/7.22.1/cucumber-gherkin-7.22.1.jar:/home/mark/.m2/repository/io/cucumber/cucumber-gherkin-messages/7.22.1/cucumber-gherkin-messages-7.22.1.jar:/home/mark/.m2/repository/io/cucumber/gherkin/32.1.1/gherkin-32.1.1.jar:/home/mark/.m2/repository/io/cucumber/messages/27.2.0/messages-27.2.0.jar:/home/mark/.m2/repository/io/cucumber/testng-xml-formatter/0.3.1/testng-xml-formatter-0.3.1.jar:/home/mark/.m2/repository/io/cucumber/query/13.6.0/query-13.6.0.jar:/home/mark/.m2/repository/io/cucumber/tag-expressions/6.1.2/tag-expressions-6.1.2.jar:/home/mark/.m2/repository/io/cucumber/cucumber-expressions/18.0.1/cucumber-expressions-18.0.1.jar:/home/mark/.m2/repository/io/cucumber/datatable/7.22.1/datatable-7.22.1.jar:/home/mark/.m2/repository/io/cucumber/cucumber-plugin/7.22.1/cucumber-plugin-7.22.1.jar:/home/mark/.m2/repository/io/cucumber/docstring/7.22.1/docstring-7.22.1.jar:/home/mark/.m2/repository/io/cucumber/html-formatter/21.10.1/html-formatter-21.10.1.jar:/home/mark/.m2/repository/io/cucumber/junit-xml-formatter/0.7.1/junit-xml-formatter-0.7.1.jar:/home/mark/.m2/repository/io/cucumber/ci-environment/10.0.1/ci-environment-10.0.1.jar:/home/mark/.m2/repository/org/citrusframework/citrus-spring-integration/4.7.0/citrus-spring-integration-4.7.0.jar:/home/mark/.m2/repository/org/springframework/integration/spring-integration-core/6.4.4/spring-integration-core-6.4.4.jar:/home/mark/.m2/repository/org/springframework/retry/spring-retry/2.0.11/spring-retry-2.0.11.jar:/home/mark/.m2/repository/io/projectreactor/reactor-core/3.7.5/reactor-core-3.7.5.jar:/home/mark/.m2/repository/org/reactivestreams/reactive-streams/1.0.4/reactive-streams-1.0.4.jar:/home/mark/.m2/repository/org/springframework/spring-test/6.2.8/spring-test-6.2.8.jar:/home/mark/.m2/repository/org/citrusframework/citrus-base/4.7.0/citrus-base-4.7.0.jar:/home/mark/.m2/repository/org/citrusframework/citrus-api/4.7.0/citrus-api-4.7.0.jar:/home/mark/.m2/repository/jakarta/annotation/jakarta.annotation-api/3.0.0/jakarta.annotation-api-3.0.0.jar:/home/mark/.m2/repository/org/apache/commons/commons-lang3/3.17.0/commons-lang3-3.17.0.jar:/home/mark/.m2/repository/commons-codec/commons-codec/1.18.0/commons-codec-1.18.0.jar:/home/mark/.m2/repository/com/github/mifmif/generex/1.0.2/generex-1.0.2.jar:/home/mark/.m2/repository/dk/brics/automaton/automaton/1.11-8/automaton-1.11-8.jar:/home/mark/.m2/repository/org/citrusframework/citrus-jms/4.7.0/citrus-jms-4.7.0.jar:/home/mark/.m2/repository/org/springframework/spring-core/6.2.8/spring-core-6.2.8.jar:/home/mark/.m2/repository/org/springframework/spring-jcl/6.2.8/spring-jcl-6.2.8.jar:/home/mark/.m2/repository/org/springframework/spring-jms/6.2.8/spring-jms-6.2.8.jar:/home/mark/.m2/repository/org/springframework/spring-messaging/6.2.8/spring-messaging-6.2.8.jar:/home/mark/.m2/repository/org/springframework/spring-tx/6.2.8/spring-tx-6.2.8.jar:/home/mark/.m2/repository/io/micrometer/micrometer-observation/1.14.8/micrometer-observation-1.14.8.jar:/home/mark/.m2/repository/io/micrometer/micrometer-commons/1.14.8/micrometer-commons-1.14.8.jar:/home/mark/.m2/repository/jakarta/jms/jakarta.jms-api/3.1.0/jakarta.jms-api-3.1.0.jar:/home/mark/.m2/repository/jakarta/xml/bind/jakarta.xml.bind-api/4.0.2/jakarta.xml.bind-api-4.0.2.jar:/home/mark/.m2/repository/jakarta/activation/jakarta.activation-api/2.1.3/jakarta.activation-api-2.1.3.jar:/home/mark/.m2/repository/com/sun/xml/messaging/saaj/saaj-impl/3.0.4/saaj-impl-3.0.4.jar:/home/mark/.m2/repository/jakarta/xml/soap/jakarta.xml.soap-api/3.0.2/jakarta.xml.soap-api-3.0.2.jar:/home/mark/.m2/repository/org/jvnet/staxex/stax-ex/2.1.0/stax-ex-2.1.0.jar:/home/mark/.m2/repository/org/springframework/ws/spring-ws-core/4.0.14/spring-ws-core-4.0.14.jar:/home/mark/.m2/repository/org/springframework/spring-webmvc/6.2.8/spring-webmvc-6.2.8.jar:/home/mark/.m2/repository/org/springframework/spring-expression/6.2.8/spring-expression-6.2.8.jar:/home/mark/.m2/repository/org/citrusframework/citrus-ws/4.7.0/citrus-ws-4.7.0.jar:/home/mark/.m2/repository/org/eclipse/angus/angus-activation/2.0.2/angus-activation-2.0.2.jar:/home/mark/.m2/repository/org/eclipse/jetty/jetty-server/12.0.20/jetty-server-12.0.20.jar:/home/mark/.m2/repository/org/eclipse/jetty/jetty-http/12.0.20/jetty-http-12.0.20.jar:/home/mark/.m2/repository/org/eclipse/jetty/jetty-util/12.0.20/jetty-util-12.0.20.jar:/home/mark/.m2/repository/org/eclipse/jetty/jetty-io/12.0.20/jetty-io-12.0.20.jar:/home/mark/.m2/repository/org/eclipse/jetty/ee10/jetty-ee10-servlet/12.0.20/jetty-ee10-servlet-12.0.20.jar:/home/mark/.m2/repository/org/eclipse/jetty/jetty-security/12.0.20/jetty-security-12.0.20.jar:/home/mark/.m2/repository/org/eclipse/jetty/jetty-session/12.0.20/jetty-session-12.0.20.jar:/home/mark/.m2/repository/jakarta/servlet/jakarta.servlet-api/6.1.0/jakarta.servlet-api-6.1.0.jar:/home/mark/.m2/repository/commons-io/commons-io/2.19.0/commons-io-2.19.0.jar:/home/mark/.m2/repository/org/springframework/spring-beans/6.2.8/spring-beans-6.2.8.jar:/home/mark/.m2/repository/org/springframework/spring-aop/6.2.8/spring-aop-6.2.8.jar:/home/mark/.m2/repository/org/springframework/ws/spring-xml/4.0.14/spring-xml-4.0.14.jar:/home/mark/.m2/repository/org/springframework/spring-web/6.2.8/spring-web-6.2.8.jar:/home/mark/.m2/repository/org/springframework/spring-context/6.2.8/spring-context-6.2.8.jar:/home/mark/.m2/repository/org/citrusframework/citrus-http/4.7.0/citrus-http-4.7.0.jar:/home/mark/.m2/repository/com/fasterxml/jackson/core/jackson-core/2.18.3/jackson-core-2.18.3.jar:/home/mark/.m2/repository/com/fasterxml/jackson/core/jackson-databind/2.18.3/jackson-databind-2.18.3.jar:/home/mark/.m2/repository/com/fasterxml/jackson/core/jackson-annotations/2.18.3/jackson-annotations-2.18.3.jar:/home/mark/.m2/repository/org/springframework/integration/spring-integration-http/6.4.4/spring-integration-http-6.4.4.jar:/home/mark/.m2/repository/org/apache/httpcomponents/client5/httpclient5/5.4.4/httpclient5-5.4.4.jar:/home/mark/.m2/repository/org/apache/httpcomponents/core5/httpcore5/5.3.4/httpcore5-5.3.4.jar:/home/mark/.m2/repository/org/apache/httpcomponents/core5/httpcore5-h2/5.3.4/httpcore5-h2-5.3.4.jar:/home/mark/.m2/repository/org/citrusframework/citrus-testng/4.7.0/citrus-testng-4.7.0.jar:/home/mark/.m2/repository/org/testng/testng/7.11.0/testng-7.11.0.jar:/home/mark/.m2/repository/org/jcommander/jcommander/1.83/jcommander-1.83.jar:/home/mark/.m2/repository/org/webjars/jquery/3.7.1/jquery-3.7.1.jar:/home/mark/.m2/repository/org/citrusframework/citrus-sql/4.7.0/citrus-sql-4.7.0.jar:/home/mark/.m2/repository/org/springframework/spring-jdbc/6.2.8/spring-jdbc-6.2.8.jar:/home/mark/.m2/repository/org/citrusframework/citrus-groovy/4.7.0/citrus-groovy-4.7.0.jar:/home/mark/.m2/repository/org/codehaus/groovy/groovy/3.0.24/groovy-3.0.24.jar:/home/mark/.m2/repository/org/slf4j/slf4j-api/2.0.11/slf4j-api-2.0.11.jar:/home/mark/.m2/repository/org/slf4j/jcl-over-slf4j/2.0.11/jcl-over-slf4j-2.0.11.jar:/home/mark/.m2/repository/org/apache/logging/log4j/log4j-slf4j2-impl/2.22.1/log4j-slf4j2-impl-2.22.1.jar:/home/mark/.m2/repository/org/apache/logging/log4j/log4j-api/2.22.1/log4j-api-2.22.1.jar:/home/mark/.m2/repository/org/apache/logging/log4j/log4j-core/2.22.1/log4j-core-2.22.1.jar:/home/mark/.m2/repository/org/apache/commons/commons-dbcp2/2.12.0/commons-dbcp2-2.12.0.jar:/home/mark/.m2/repository/org/apache/commons/commons-pool2/2.12.0/commons-pool2-2.12.0.jar:/home/mark/.m2/repository/commons-logging/commons-logging/1.3.0/commons-logging-1.3.0.jar:/home/mark/.m2/repository/jakarta/transaction/jakarta.transaction-api/1.3.3/jakarta.transaction-api-1.3.3.jar:/home/mark/.m2/repository/org/postgresql/postgresql/42.7.3/postgresql-42.7.3.jar:/home/mark/.m2/repository/org/checkerframework/checker-qual/3.42.0/checker-qual-3.42.0.jar:"/>
    <property name="java.vm.vendor" value="Ubuntu"/>
    <property name="sun.arch.data.model" value="64"/>
    <property name="java.vendor.url" value="https://ubuntu.com/"/>
    <property name="user.timezone" value="America/New_York"/>
    <property name="os.name" value="Linux"/>
    <property name="java.vm.specification.version" value="21"/>
    <property name="sun.java.launcher" value="SUN_STANDARD"/>
    <property name="sun.boot.library.path" value="/usr/lib/jvm/java-21-openjdk-amd64/lib"/>
    <property name="sun.java.command" value="/mnt/c/Users/markl/IdeaProjects/second/compare/target/surefire/surefirebooter-20250901103324915_3.jar /mnt/c/Users/markl/IdeaProjects/second/compare/target/surefire 2025-09-01T10-33-24_776-jvmRun1 surefire-20250901103324915_1tmp surefire_0-20250901103324915_2tmp"/>
    <property name="jdk.debug" value="release"/>
    <property name="surefire.test.class.path" value="/mnt/c/Users/markl/IdeaProjects/second/compare/target/test-classes:/mnt/c/Users/markl/IdeaProjects/second/compare/target/compare-1.0-SNAPSHOT.jar:/home/mark/.m2/repository/org/citrusframework/citrus-core/4.7.0/citrus-core-4.7.0.jar:/home/mark/.m2/repository/org/citrusframework/citrus-spring/4.7.0/citrus-spring-4.7.0.jar:/home/mark/.m2/repository/xerces/xercesImpl/2.12.2/xercesImpl-2.12.2.jar:/home/mark/.m2/repository/xml-apis/xml-apis/1.4.01/xml-apis-1.4.01.jar:/home/mark/.m2/repository/org/springframework/spring-oxm/6.2.8/spring-oxm-6.2.8.jar:/home/mark/.m2/repository/org/citrusframework/citrus-validation-xml/4.7.0/citrus-validation-xml-4.7.0.jar:/home/mark/.m2/repository/org/glassfish/jaxb/jaxb-runtime/4.0.5/jaxb-runtime-4.0.5.jar:/home/mark/.m2/repository/org/glassfish/jaxb/jaxb-core/4.0.5/jaxb-core-4.0.5.jar:/home/mark/.m2/repository/org/glassfish/jaxb/txw2/4.0.5/txw2-4.0.5.jar:/home/mark/.m2/repository/com/sun/istack/istack-commons-runtime/4.1.2/istack-commons-runtime-4.1.2.jar:/home/mark/.m2/repository/wsdl4j/wsdl4j/1.6.3/wsdl4j-1.6.3.jar:/home/mark/.m2/repository/net/sf/jtidy/jtidy/r938/jtidy-r938.jar:/home/mark/.m2/repository/org/citrusframework/citrus-validation-json/4.7.0/citrus-validation-json-4.7.0.jar:/home/mark/.m2/repository/net/minidev/json-smart/2.5.2/json-smart-2.5.2.jar:/home/mark/.m2/repository/net/minidev/accessors-smart/2.5.2/accessors-smart-2.5.2.jar:/home/mark/.m2/repository/org/ow2/asm/asm/9.7.1/asm-9.7.1.jar:/home/mark/.m2/repository/com/jayway/jsonpath/json-path/2.9.0/json-path-2.9.0.jar:/home/mark/.m2/repository/com/networknt/json-schema-validator/1.5.6/json-schema-validator-1.5.6.jar:/home/mark/.m2/repository/com/ethlo/time/itu/1.10.3/itu-1.10.3.jar:/home/mark/.m2/repository/com/fasterxml/jackson/dataformat/jackson-dataformat-yaml/2.18.1/jackson-dataformat-yaml-2.18.1.jar:/home/mark/.m2/repository/org/yaml/snakeyaml/2.3/snakeyaml-2.3.jar:/home/mark/.m2/repository/org/citrusframework/citrus-validation-text/4.7.0/citrus-validation-text-4.7.0.jar:/home/mark/.m2/repository/org/citrusframework/citrus-validation-binary/4.7.0/citrus-validation-binary-4.7.0.jar:/home/mark/.m2/repository/org/citrusframework/citrus-validation-groovy/4.7.0/citrus-validation-groovy-4.7.0.jar:/home/mark/.m2/repository/org/codehaus/groovy/groovy-jsr223/3.0.24/groovy-jsr223-3.0.24.jar:/home/mark/.m2/repository/org/codehaus/groovy/groovy-json/3.0.24/groovy-json-3.0.24.jar:/home/mark/.m2/repository/org/codehaus/groovy/groovy-xml/3.0.24/groovy-xml-3.0.24.jar:/home/mark/.m2/repository/org/citrusframework/citrus-validation-hamcrest/4.7.0/citrus-validation-hamcrest-4.7.0.jar:/home/mark/.m2/repository/org/hamcrest/hamcrest/3.0/hamcrest-3.0.jar:/home/mark/.m2/repository/org/hamcrest/hamcrest-library/3.0/hamcrest-library-3.0.jar:/home/mark/.m2/repository/org/hamcrest/hamcrest-core/3.0/hamcrest-core-3.0.jar:/home/mark/.m2/repository/org/citrusframework/citrus-junit/4.7.0/citrus-junit-4.7.0.jar:/home/mark/.m2/repository/org/citrusframework/citrus-junit5/4.7.0/citrus-junit5-4.7.0.jar:/home/mark/.m2/repository/org/junit/platform/junit-platform-launcher/1.12.2/junit-platform-launcher-1.12.2.jar:/home/mark/.m2/repository/org/junit/platform/junit-platform-engine/1.12.2/junit-platform-engine-1.12.2.jar:/home/mark/.m2/repository/org/opentest4j/opentest4j/1.3.0/opentest4j-1.3.0.jar:/home/mark/.m2/repository/org/junit/platform/junit-platform-commons/1.12.2/junit-platform-commons-1.12.2.jar:/home/mark/.m2/repository/org/apiguardian/apiguardian-api/1.1.2/apiguardian-api-1.1.2.jar:/home/mark/.m2/repository/org/citrusframework/citrus-main/4.7.0/citrus-main-4.7.0.jar:/home/mark/.m2/repository/org/citrusframework/citrus-cucumber/4.7.0/citrus-cucumber-4.7.0.jar:/home/mark/.m2/repository/io/cucumber/cucumber-java/7.22.1/cucumber-java-7.22.1.jar:/home/mark/.m2/repository/io/cucumber/cucumber-core/7.22.1/cucumber-core-7.22.1.jar:/home/mark/.m2/repository/io/cucumber/cucumber-gherkin/7.22.1/cucumber-gherkin-7.22.1.jar:/home/mark/.m2/repository/io/cucumber/cucumber-gherkin-messages/7.22.1/cucumber-gherkin-messages-7.22.1.jar:/home/mark/.m2/repository/io/cucumber/gherkin/32.1.1/gherkin-32.1.1.jar:/home/mark/.m2/repository/io/cucumber/messages/27.2.0/messages-27.2.0.jar:/home/mark/.m2/repository/io/cucumber/testng-xml-formatter/0.3.1/testng-xml-formatter-0.3.1.jar:/home/mark/.m2/repository/io/cucumber/query/13.6.0/query-13.6.0.jar:/home/mark/.m2/repository/io/cucumber/tag-expressions/6.1.2/tag-expressions-6.1.2.jar:/home/mark/.m2/repository/io/cucumber/cucumber-expressions/18.0.1/cucumber-expressions-18.0.1.jar:/home/mark/.m2/repository/io/cucumber/datatable/7.22.1/datatable-7.22.1.jar:/home/mark/.m2/repository/io/cucumber/cucumber-plugin/7.22.1/cucumber-plugin-7.22.1.jar:/home/mark/.m2/repository/io/cucumber/docstring/7.22.1/docstring-7.22.1.jar:/home/mark/.m2/repository/io/cucumber/html-formatter/21.10.1/html-formatter-21.10.1.jar:/home/mark/.m2/repository/io/cucumber/junit-xml-formatter/0.7.1/junit-xml-formatter-0.7.1.jar:/home/mark/.m2/repository/io/cucumber/ci-environment/10.0.1/ci-environment-10.0.1.jar:/home/mark/.m2/repository/org/citrusframework/citrus-spring-integration/4.7.0/citrus-spring-integration-4.7.0.jar:/home/mark/.m2/repository/org/springframework/integration/spring-integration-core/6.4.4/spring-integration-core-6.4.4.jar:/home/mark/.m2/repository/org/springframework/retry/spring-retry/2.0.11/spring-retry-2.0.11.jar:/home/mark/.m2/repository/io/projectreactor/reactor-core/3.7.5/reactor-core-3.7.5.jar:/home/mark/.m2/repository/org/reactivestreams/reactive-streams/1.0.4/reactive-streams-1.0.4.jar:/home/mark/.m2/repository/org/springframework/spring-test/6.2.8/spring-test-6.2.8.jar:/home/mark/.m2/repository/org/citrusframework/citrus-base/4.7.0/citrus-base-4.7.0.jar:/home/mark/.m2/repository/org/citrusframework/citrus-api/4.7.0/citrus-api-4.7.0.jar:/home/mark/.m2/repository/jakarta/annotation/jakarta.annotation-api/3.0.0/jakarta.annotation-api-3.0.0.jar:/home/mark/.m2/repository/org/apache/commons/commons-lang3/3.17.0/commons-lang3-3.17.0.jar:/home/mark/.m2/repository/commons-codec/commons-codec/1.18.0/commons-codec-1.18.0.jar:/home/mark/.m2/repository/com/github/mifmif/generex/1.0.2/generex-1.0.2.jar:/home/mark/.m2/repository/dk/brics/automaton/automaton/1.11-8/automaton-1.11-8.jar:/home/mark/.m2/repository/org/citrusframework/citrus-jms/4.7.0/citrus-jms-4.7.0.jar:/home/mark/.m2/repository/org/springframework/spring-core/6.2.8/spring-core-6.2.8.jar:/home/mark/.m2/repository/org/springframework/spring-jcl/6.2.8/spring-jcl-6.2.8.jar:/home/mark/.m2/repository/org/springframework/spring-jms/6.2.8/spring-jms-6.2.8.jar:/home/mark/.m2/repository/org/springframework/spring-messaging/6.2.8/spring-messaging-6.2.8.jar:/home/mark/.m2/repository/org/springframework/spring-tx/6.2.8/spring-tx-6.2.8.jar:/home/mark/.m2/repository/io/micrometer/micrometer-observation/1.14.8/micrometer-observation-1.14.8.jar:/home/mark/.m2/repository/io/micrometer/micrometer-commons/1.14.8/micrometer-commons-1.14.8.jar:/home/mark/.m2/repository/jakarta/jms/jakarta.jms-api/3.1.0/jakarta.jms-api-3.1.0.jar:/home/mark/.m2/repository/jakarta/xml/bind/jakarta.xml.bind-api/4.0.2/jakarta.xml.bind-api-4.0.2.jar:/home/mark/.m2/repository/jakarta/activation/jakarta.activation-api/2.1.3/jakarta.activation-api-2.1.3.jar:/home/mark/.m2/repository/com/sun/xml/messaging/saaj/saaj-impl/3.0.4/saaj-impl-3.0.4.jar:/home/mark/.m2/repository/jakarta/xml/soap/jakarta.xml.soap-api/3.0.2/jakarta.xml.soap-api-3.0.2.jar:/home/mark/.m2/repository/org/jvnet/staxex/stax-ex/2.1.0/stax-ex-2.1.0.jar:/home/mark/.m2/repository/org/springframework/ws/spring-ws-core/4.0.14/spring-ws-core-4.0.14.jar:/home/mark/.m2/repository/org/springframework/spring-webmvc/6.2.8/spring-webmvc-6.2.8.jar:/home/mark/.m2/repository/org/springframework/spring-expression/6.2.8/spring-expression-6.2.8.jar:/home/mark/.m2/repository/org/citrusframework/citrus-ws/4.7.0/citrus-ws-4.7.0.jar:/home/mark/.m2/repository/org/eclipse/angus/angus-activation/2.0.2/angus-activation-2.0.2.jar:/home/mark/.m2/repository/org/eclipse/jetty/jetty-server/12.0.20/jetty-server-12.0.20.jar:/home/mark/.m2/repository/org/eclipse/jetty/jetty-http/12.0.20/jetty-http-12.0.20.jar:/home/mark/.m2/repository/org/eclipse/jetty/jetty-util/12.0.20/jetty-util-12.0.20.jar:/home/mark/.m2/repository/org/eclipse/jetty/jetty-io/12.0.20/jetty-io-12.0.20.jar:/home/mark/.m2/repository/org/eclipse/jetty/ee10/jetty-ee10-servlet/12.0.20/jetty-ee10-servlet-12.0.20.jar:/home/mark/.m2/repository/org/eclipse/jetty/jetty-security/12.0.20/jetty-security-12.0.20.jar:/home/mark/.m2/repository/org/eclipse/jetty/jetty-session/12.0.20/jetty-session-12.0.20.jar:/home/mark/.m2/repository/jakarta/servlet/jakarta.servlet-api/6.1.0/jakarta.servlet-api-6.1.0.jar:/home/mark/.m2/repository/commons-io/commons-io/2.19.0/commons-io-2.19.0.jar:/home/mark/.m2/repository/org/springframework/spring-beans/6.2.8/spring-beans-6.2.8.jar:/home/mark/.m2/repository/org/springframework/spring-aop/6.2.8/spring-aop-6.2.8.jar:/home/mark/.m2/repository/org/springframework/ws/spring-xml/4.0.14/spring-xml-4.0.14.jar:/home/mark/.m2/repository/org/springframework/spring-web/6.2.8/spring-web-6.2.8.jar:/home/mark/.m2/repository/org/springframework/spring-context/6.2.8/spring-context-6.2.8.jar:/home/mark/.m2/repository/org/citrusframework/citrus-http/4.7.0/citrus-http-4.7.0.jar:/home/mark/.m2/repository/com/fasterxml/jackson/core/jackson-core/2.18.3/jackson-core-2.18.3.jar:/home/mark/.m2/repository/com/fasterxml/jackson/core/jackson-databind/2.18.3/jackson-databind-2.18.3.jar:/home/mark/.m2/repository/com/fasterxml/jackson/core/jackson-annotations/2.18.3/jackson-annotations-2.18.3.jar:/home/mark/.m2/repository/org/springframework/integration/spring-integration-http/6.4.4/spring-integration-http-6.4.4.jar:/home/mark/.m2/repository/org/apache/httpcomponents/client5/httpclient5/5.4.4/httpclient5-5.4.4.jar:/home/mark/.m2/repository/org/apache/httpcomponents/core5/httpcore5/5.3.4/httpcore5-5.3.4.jar:/home/mark/.m2/repository/org/apache/httpcomponents/core5/httpcore5-h2/5.3.4/httpcore5-h2-5.3.4.jar:/home/mark/.m2/repository/org/citrusframework/citrus-testng/4.7.0/citrus-testng-4.7.0.jar:/home/mark/.m2/repository/org/testng/testng/7.11.0/testng-7.11.0.jar:/home/mark/.m2/repository/org/jcommander/jcommander/1.83/jcommander-1.83.jar:/home/mark/.m2/repository/org/webjars/jquery/3.7.1/jquery-3.7.1.jar:/home/mark/.m2/repository/org/citrusframework/citrus-sql/4.7.0/citrus-sql-4.7.0.jar:/home/mark/.m2/repository/org/springframework/spring-jdbc/6.2.8/spring-jdbc-6.2.8.jar:/home/mark/.m2/repository/org/citrusframework/citrus-groovy/4.7.0/citrus-groovy-4.7.0.jar:/home/mark/.m2/repository/org/codehaus/groovy/groovy/3.0.24/groovy-3.0.24.jar:/home/mark/.m2/repository/org/slf4j/slf4j-api/2.0.11/slf4j-api-2.0.11.jar:/home/mark/.m2/repository/org/slf4j/jcl-over-slf4j/2.0.11/jcl-over-slf4j-2.0.11.jar:/home/mark/.m2/repository/org/apache/logging/log4j/log4j-slf4j2-impl/2.22.1/log4j-slf4j2-impl-2.22.1.jar:/home/mark/.m2/repository/org/apache/logging/log4j/log4j-api/2.22.1/log4j-api-2.22.1.jar:/home/mark/.m2/repository/org/apache/logging/log4j/log4j-core/2.22.1/log4j-core-2.22.1.jar:/home/mark/.m2/repository/org/apache/commons/commons-dbcp2/2.12.0/commons-dbcp2-2.12.0.jar:/home/mark/.m2/repository/org/apache/commons/commons-pool2/2.12.0/commons-pool2-2.12.0.jar:/home/mark/.m2/repository/commons-logging/commons-logging/1.3.0/commons-logging-1.3.0.jar:/home/mark/.m2/repository/jakarta/transaction/jakarta.transaction-api/1.3.3/jakarta.transaction-api-1.3.3.jar:/home/mark/.m2/repository/org/postgresql/postgresql/42.7.3/postgresql-42.7.3.jar:/home/mark/.m2/repository/org/checkerframework/checker-qual/3.42.0/checker-qual-3.42.0.jar:"/>
    <property name="sun.cpu.endian" value="little"/>
    <property name="user.home" value="/home/mark"/>
    <property name="user.language" value="en"/>
    <property name="java.specification.vendor" value="Oracle Corporation"/>
    <property name="java.version.date" value="2025-07-15"/>
    <property name="java.home" value="/usr/lib/jvm/java-21-openjdk-amd64"/>
    <property name="file.separator" value="/"/>
    <property name="basedir" value="/mnt/c/Users/markl/IdeaProjects/second/compare"/>
    <property name="java.vm.compressedOopsMode" value="Zero based"/>
    <property name="line.separator" value="&#10;"/>
    <property name="java.specification.name" value="Java Platform API Specification"/>
    <property name="java.vm.specification.vendor" value="Oracle Corporation"/>
    <property name="surefire.real.class.path" value="/mnt/c/Users/markl/IdeaProjects/second/compare/target/surefire/surefirebooter-20250901103324915_3.jar"/>
    <property name="sun.management.compiler" value="HotSpot 64-Bit Tiered Compilers"/>
    <property name="java.runtime.version" value="21.0.8+9-Ubuntu-0ubuntu122.04.1"/>
    <property name="user.name" value="mark"/>
    <property name="stdout.encoding" value="UTF-8"/>
    <property name="path.separator" value=":"/>
    <property name="os.version" value="5.15.167.4-microsoft-standard-WSL2"/>
    <property name="java.runtime.name" value="OpenJDK Runtime Environment"/>
    <property name="file.encoding" value="UTF-8"/>
    <property name="citrus.endpoints.firstdb.jdbc-template.user" value="postgres"/>
    <property name="java.vm.name" value="OpenJDK 64-Bit Server VM"/>
    <property name="localRepository" value="/home/mark/.m2/repository"/>
    <property name="java.vendor.url.bug" value="https://bugs.launchpad.net/ubuntu/+source/openjdk-21"/>
    <property name="java.io.tmpdir" value="/tmp"/>
    <property name="java.version" value="21.0.8"/>
    <property name="user.dir" value="/mnt/c/Users/markl/IdeaProjects/second/compare"/>
    <property name="os.arch" value="amd64"/>
    <property name="citrus.endpoints.firstdb.type" value="jdbc-template"/>
    <property name="java.vm.specification.name" value="Java Virtual Machine Specification"/>
    <property name="citrus.endpoints.firstdb.jdbc-template.password" value="changeme"/>
    <property name="native.encoding" value="UTF-8"/>
    <property name="java.library.path" value="/usr/java/packages/lib:/usr/lib/x86_64-linux-gnu/jni:/lib/x86_64-linux-gnu:/usr/lib/x86_64-linux-gnu:/usr/lib/jni:/lib:/usr/lib"/>
    <property name="stderr.encoding" value="UTF-8"/>
    <property name="java.vm.info" value="mixed mode, sharing"/>
    <property name="java.vendor" value="Ubuntu"/>
    <property name="java.vm.version" value="21.0.8+9-Ubuntu-0ubuntu122.04.1"/>
    <property name="citrus.endpoints.firstdb.jdbc-template.url" value="jdbc:postgresql://localhost:5432/postgres"/>
    <property name="sun.io.unicode.encoding" value="UnicodeLittle"/>
    <property name="java.class.version" value="65.0"/>
  </properties>
  <testcase name="echoToday" classname="org.test.DBCompareIT" time="0.082">
    <system-out><![CDATA[10:33:28.132 [main] INFO  org.citrusframework.config.xml.SchemaRepositoryParser - Found schema repository bean definition parser class org.citrusframework.config.xml.XsdSchemaRepositoryParser from resource META-INF/citrus/schema-repository/parser/xml
10:33:28.780 [main] WARN  org.springframework.context.support.PostProcessorRegistrationDelegate$BeanPostProcessorChecker - Bean 'citrusSpringConfig' of type [org.citrusframework.config.CitrusSpringConfig$$SpringCGLIB$$0] is not eligible for getting processed by all BeanPostProcessors (for example: not eligible for auto-proxying). The currently created BeanPostProcessor [citrusComponentInitializer] is declared through a non-static factory method on that class; consider declaring it as static instead.
10:33:28.787 [main] WARN  org.springframework.context.support.PostProcessorRegistrationDelegate$BeanPostProcessorChecker - Bean 'citrusReferenceResolver' of type [org.citrusframework.context.SpringBeanReferenceResolver] is not eligible for getting processed by all BeanPostProcessors (for example: not eligible for auto-proxying). Is this bean getting eagerly injected/applied to a currently created BeanPostProcessor [citrusComponentInitializer]? Check the corresponding BeanPostProcessor declaration and its dependencies/advisors. If this bean does not have to be post-processed, declare it with ROLE_INFRASTRUCTURE.
10:33:29.075 [main] WARN  org.springframework.xml.DocumentBuilderFactoryUtils - http://javax.xml.XMLConstants/property/accessExternalDTD property not supported by org.apache.xerces.jaxp.DocumentBuilderFactoryImpl
10:33:29.076 [main] WARN  org.springframework.xml.DocumentBuilderFactoryUtils - http://javax.xml.XMLConstants/property/accessExternalSchema property not supported by org.apache.xerces.jaxp.DocumentBuilderFactoryImpl
10:33:29.168 [main] INFO  org.citrusframework.report.LoggingReporter -        .__  __                       
10:33:29.169 [main] INFO  org.citrusframework.report.LoggingReporter -   ____ |__|/  |________ __ __  ______
10:33:29.169 [main] INFO  org.citrusframework.report.LoggingReporter - _/ ___\|  \   __\_  __ \  |  \/  ___/
10:33:29.169 [main] INFO  org.citrusframework.report.LoggingReporter - \  \___|  ||  |  |  | \/  |  /\___ \ 
10:33:29.169 [main] INFO  org.citrusframework.report.LoggingReporter -  \___  >__||__|  |__|  |____//____  >
10:33:29.169 [main] INFO  org.citrusframework.report.LoggingReporter -      \/                           \/
10:33:29.169 [main] INFO  org.citrusframework.report.LoggingReporter - 
10:33:29.171 [main] INFO  org.citrusframework.report.LoggingReporter - C I T R U S  T E S T S  4.7.0
10:33:29.171 [main] INFO  org.citrusframework.report.LoggingReporter - 
10:33:29.171 [main] INFO  org.citrusframework.report.LoggingReporter - ------------------------------------------------------------------------
10:33:29.306 [main] INFO  org.citrusframework.actions.EchoAction - Today is: 01.09.2025
10:33:29.324 [main] INFO  org.citrusframework.report.LoggingReporter - 
10:33:29.324 [main] INFO  org.citrusframework.report.LoggingReporter - TEST SUCCESS DBCompareIT.echoToday (org.test)
10:33:29.324 [main] INFO  org.citrusframework.report.LoggingReporter - ------------------------------------------------------------------------
10:33:29.324 [main] INFO  org.citrusframework.report.LoggingReporter - 
]]></system-out>
  </testcase>
  <testcase name="sayHello" classname="org.test.DBCompareIT" time="0.003">
    <system-out><![CDATA[10:33:29.341 [main] INFO  org.citrusframework.actions.EchoAction - Hello Citrus!
10:33:29.342 [main] INFO  org.citrusframework.report.LoggingReporter - 
10:33:29.342 [main] INFO  org.citrusframework.report.LoggingReporter - TEST SUCCESS SampleJavaTest.sayHello (org.test)
10:33:29.342 [main] INFO  org.citrusframework.report.LoggingReporter - ------------------------------------------------------------------------
10:33:29.342 [main] INFO  org.citrusframework.report.LoggingReporter - 
]]></system-out>
  </testcase>
  <testcase name="testPostgresConnection" classname="org.test.DBCompareIT" time="0.495">
    <system-out><![CDATA[start
done
10:33:29.839 [main] INFO  org.citrusframework.report.LoggingReporter - 
10:33:29.840 [main] INFO  org.citrusframework.report.LoggingReporter - TEST SUCCESS DBCompareIT.testPostgresConnection (org.test)
10:33:29.840 [main] INFO  org.citrusframework.report.LoggingReporter - ------------------------------------------------------------------------
10:33:29.840 [main] INFO  org.citrusframework.report.LoggingReporter - 
]]></system-out>
  </testcase>
  <testcase name="echoToday" classname="org.test.SampleJavaIT" time="0.003">
    <system-out><![CDATA[10:33:29.851 [main] INFO  org.citrusframework.actions.EchoAction - Today is: 01.09.2025
10:33:29.851 [main] INFO  org.citrusframework.report.LoggingReporter - 
10:33:29.851 [main] INFO  org.citrusframework.report.LoggingReporter - TEST SUCCESS SampleJavaIT.echoToday (org.test)
10:33:29.852 [main] INFO  org.citrusframework.report.LoggingReporter - ------------------------------------------------------------------------
10:33:29.852 [main] INFO  org.citrusframework.report.LoggingReporter - 
]]></system-out>
  </testcase>
  <testcase name="sayHello" classname="org.test.SampleJavaIT" time="0.003">
    <system-out><![CDATA[10:33:29.856 [main] INFO  org.citrusframework.actions.EchoAction - Hello Citrus!
10:33:29.856 [main] INFO  org.citrusframework.report.LoggingReporter - 
10:33:29.856 [main] INFO  org.citrusframework.report.LoggingReporter - TEST SUCCESS SampleJavaTest.sayHello (org.test)
10:33:29.857 [main] INFO  org.citrusframework.report.LoggingReporter - ------------------------------------------------------------------------
10:33:29.857 [main] INFO  org.citrusframework.report.LoggingReporter - 
]]></system-out>
  </testcase>
  <testcase name="sampleXml" classname="org.test.SampleXmlIT" time="0.141">
    <system-out><![CDATA[10:33:30.000 [main] INFO  org.citrusframework.actions.EchoAction - Today is: 01.09.2025
10:33:30.001 [main] INFO  org.citrusframework.report.LoggingReporter - 
10:33:30.001 [main] INFO  org.citrusframework.report.LoggingReporter - TEST SUCCESS SampleXmlIT (org.citrusframework)
10:33:30.001 [main] INFO  org.citrusframework.report.LoggingReporter - ------------------------------------------------------------------------
10:33:30.001 [main] INFO  org.citrusframework.report.LoggingReporter - 
]]></system-out>
  </testcase>
</testsuite>