<?xml version="1.0" encoding="UTF-8"?>
<!-- Generated by org.testng.reporters.JUnitReportReporter -->
<testsuite hostname="cube" failures="0" tests="2" name="org.test.SampleJavaIT" time="0.048" errors="0" timestamp="2025-08-27T17:57:16 EDT" skipped="0">
  <testcase classname="org.test.SampleJavaIT" name="echoToday" time="0.044"/>
  <testcase classname="org.test.SampleJavaIT" name="sayHello" time="0.004"/>
</testsuite> <!-- org.test.SampleJavaIT -->
