<?xml version="1.0" encoding="UTF-8"?>
<testsuite name="TestSuite" time="0.522" tests="6" errors="0" skipped="0" failures="0">
    <testcase name="DBCompareIT.echoToday" classname="org.test.DBCompareIT" time="0.025"/>
    <testcase name="SampleJavaTest.sayHello" classname="org.test.DBCompareIT" time="0.001"/>
    <testcase name="DBCompareIT.testPostgresConnection" classname="org.test.DBCompareIT" time="0.493"/>
    <testcase name="SampleJavaIT.echoToday" classname="org.test.SampleJavaIT" time="0.001"/>
    <testcase name="SampleJavaTest.sayHello" classname="org.test.SampleJavaIT" time="0.001"/>
    <testcase name="SampleXmlIT" classname="org.citrusframework.DefaultTestCase" time="0.001"/>
</testsuite>